<?xml version="1.0" encoding="UTF-8"?>
<testsuite xmlns:xsi="http://www.w3.org/2001/XMLSchema-instance" xsi:noNamespaceSchemaLocation="https://maven.apache.org/surefire/maven-surefire-plugin/xsd/surefire-test-report.xsd" name="com.epam.rd.autotasks.DefaultQuadraticEquationTestingTest" time="0.069" tests="5" errors="0" skipped="0" failures="0">
  <properties>
[...]
</properties>
  <testcase name="testQuadraticEquationNoRootsCasesTesting" classname="com.epam.rd.autotasks.DefaultQuadraticEquationTestingTest" time="0.021"/>
  <testcase name="testQuadraticEquationTwoRootsCasesTesting" classname="com.epam.rd.autotasks.DefaultQuadraticEquationTestingTest" time="0.011"/>
  <testcase name="testClassesAreParameterized" classname="com.epam.rd.autotasks.DefaultQuadraticEquationTestingTest" time="0.002"/>
  <testcase name="testQuadraticEquationZeroACasesTesting" classname="com.epam.rd.autotasks.DefaultQuadraticEquationTestingTest" time="0.003"/>
  <testcase name="testQuadraticEquationSingleRootCasesTesting" classname="com.epam.rd.autotasks.DefaultQuadraticEquationTestingTest" time="0.004"/>
</testsuite>